<?xml version="1.0" encoding="UTF-8"?>
<!-- Generated by org.testng.reporters.JUnitXMLReporter -->
<testsuite ignored="385" hostname="DESKTOP-HERP98R" failures="0" tests="1" name="Test" time="235.839" errors="0" timestamp="2025-03-02T21:49:55 IST">
  <testcase classname="commonMethods.Testcases" name="TC_Rate_Request_SC73" time="235.706"/>
  <testcase classname="commonMethods.Testcases" name="TC_Transportation_Dispatch_Notice_SC_TDN_31" time="0.0">
    <ignored/>
  </testcase> <!-- TC_Transportation_Dispatch_Notice_SC_TDN_31 -->
  <testcase classname="commonMethods.Testcases" name="TC_Cost_Activity_Report_TS052" time="0.0">
    <ignored/>
  </testcase> <!-- TC_Cost_Activity_Report_TS052 -->
  <testcase classname="commonMethods.Testcases" name="TC_Cost_Activity_Report_TS051" time="0.0">
    <ignored/>
  </testcase> <!-- TC_Cost_Activity_Report_TS051 -->
  <testcase classname="commonMethods.Testcases" name="TC_Transportation_Dispatch_Notice_SC_TDN_30" time="0.0">
    <ignored/>
  </testcase> <!-- TC_Transportation_Dispatch_Notice_SC_TDN_30 -->
  <testcase classname="commonMethods.Testcases" name="TC_Cost_Activity_Report_TS054" time="0.0">
    <ignored/>
  </testcase> <!-- TC_Cost_Activity_Report_TS054 -->
  <testcase classname="commonMethods.Testcases" name="TC_Cost_Activity_Report_TS056" time="0.0">
    <ignored/>
  </testcase> <!-- TC_Cost_Activity_Report_TS056 -->
  <testcase classname="commonMethods.Testcases" name="TC_Cost_Activity_Report_TS055" time="0.0">
    <ignored/>
  </testcase> <!-- TC_Cost_Activity_Report_TS055 -->
  <testcase classname="commonMethods.Testcases" name="TC_Cost_Activity_Report_TS058" time="0.0">
    <ignored/>
  </testcase> <!-- TC_Cost_Activity_Report_TS058 -->
  <testcase classname="commonMethods.Testcases" name="TC_Cost_Activity_Report_TS059" time="0.0">
    <ignored/>
  </testcase> <!-- TC_Cost_Activity_Report_TS059 -->
  <testcase classname="commonMethods.Testcases" name="TC_Cost_Activity_Report_TS053" time="0.0">
    <ignored/>
  </testcase> <!-- TC_Cost_Activity_Report_TS053 -->
  <testcase classname="commonMethods.Testcases" name="EMS_Contract_Registration_IP010" time="0.0">
    <ignored/>
  </testcase> <!-- EMS_Contract_Registration_IP010 -->
  <testcase classname="commonMethods.Testcases" name="EMS_Contract_Registration_IP008" time="0.0">
    <ignored/>
  </testcase> <!-- EMS_Contract_Registration_IP008 -->
  <testcase classname="commonMethods.Testcases" name="EMS_Contract_Registration_IP009" time="0.0">
    <ignored/>
  </testcase> <!-- EMS_Contract_Registration_IP009 -->
  <testcase classname="commonMethods.Testcases" name="EMS_Contract_Registration_IP004" time="0.0">
    <ignored/>
  </testcase> <!-- EMS_Contract_Registration_IP004 -->
  <testcase classname="commonMethods.Testcases" name="EMS_Contract_Registration_IP007" time="0.0">
    <ignored/>
  </testcase> <!-- EMS_Contract_Registration_IP007 -->
  <testcase classname="commonMethods.Testcases" name="EMS_Contract_Registration_IP005" time="0.0">
    <ignored/>
  </testcase> <!-- EMS_Contract_Registration_IP005 -->
  <testcase classname="commonMethods.Testcases" name="EMS_Contract_Registration_IP006" time="0.0">
    <ignored/>
  </testcase> <!-- EMS_Contract_Registration_IP006 -->
  <testcase classname="commonMethods.Testcases" name="TC_Transportation_Dispatch_Notice_SC_TDN_21" time="0.0">
    <ignored/>
  </testcase> <!-- TC_Transportation_Dispatch_Notice_SC_TDN_21 -->
  <testcase classname="commonMethods.Testcases" name="TC_Cost_Activity_Report_TS050" time="0.0">
    <ignored/>
  </testcase> <!-- TC_Cost_Activity_Report_TS050 -->
  <testcase classname="commonMethods.Testcases" name="TC_Transportation_Dispatch_Notice_SC_TDN_20" time="0.0">
    <ignored/>
  </testcase> <!-- TC_Transportation_Dispatch_Notice_SC_TDN_20 -->
  <testcase classname="commonMethods.Testcases" name="TC_Cost_Activity_Report_TS046" time="0.0">
    <ignored/>
  </testcase> <!-- TC_Cost_Activity_Report_TS046 -->
  <testcase classname="commonMethods.Testcases" name="TC_Cost_Activity_Report_TS041" time="0.0">
    <ignored/>
  </testcase> <!-- TC_Cost_Activity_Report_TS041 -->
  <testcase classname="commonMethods.Testcases" name="TC_Transportation_Dispatch_Notice_SC_TDN_25" time="0.0">
    <ignored/>
  </testcase> <!-- TC_Transportation_Dispatch_Notice_SC_TDN_25 -->
  <testcase classname="commonMethods.Testcases" name="TC_Cost_Activity_Report_TS040" time="0.0">
    <ignored/>
  </testcase> <!-- TC_Cost_Activity_Report_TS040 -->
  <testcase classname="commonMethods.Testcases" name="TC_Transportation_Dispatch_Notice_SC_TDN_22" time="0.0">
    <ignored/>
  </testcase> <!-- TC_Transportation_Dispatch_Notice_SC_TDN_22 -->
  <testcase classname="commonMethods.Testcases" name="TC_Cost_Activity_Report_TS043" time="0.0">
    <ignored/>
  </testcase> <!-- TC_Cost_Activity_Report_TS043 -->
  <testcase classname="commonMethods.Testcases" name="TC_Transportation_Dispatch_Notice_SC_TDN_24" time="0.0">
    <ignored/>
  </testcase> <!-- TC_Transportation_Dispatch_Notice_SC_TDN_24 -->
  <testcase classname="commonMethods.Testcases" name="TC_Cost_Activity_Report_TS045" time="0.0">
    <ignored/>
  </testcase> <!-- TC_Cost_Activity_Report_TS045 -->
  <testcase classname="commonMethods.Testcases" name="TC_Cost_Activity_Report_TS044" time="0.0">
    <ignored/>
  </testcase> <!-- TC_Cost_Activity_Report_TS044 -->
  <testcase classname="commonMethods.Testcases" name="TC_Transportation_Dispatch_Notice_SC_TDN_26" time="0.0">
    <ignored/>
  </testcase> <!-- TC_Transportation_Dispatch_Notice_SC_TDN_26 -->
  <testcase classname="commonMethods.Testcases" name="TC_Transportation_Dispatch_Notice_SC_TDN_23" time="0.0">
    <ignored/>
  </testcase> <!-- TC_Transportation_Dispatch_Notice_SC_TDN_23 -->
  <testcase classname="commonMethods.Testcases" name="TC_Cost_Activity_Report_TS047" time="0.0">
    <ignored/>
  </testcase> <!-- TC_Cost_Activity_Report_TS047 -->
  <testcase classname="commonMethods.Testcases" name="TC_Cost_Activity_Report_TS049" time="0.0">
    <ignored/>
  </testcase> <!-- TC_Cost_Activity_Report_TS049 -->
  <testcase classname="commonMethods.Testcases" name="TC_Cost_Activity_Report_TS048" time="0.0">
    <ignored/>
  </testcase> <!-- TC_Cost_Activity_Report_TS048 -->
  <testcase classname="commonMethods.Testcases" name="TC_Cost_Activity_Report_TS042" time="0.0">
    <ignored/>
  </testcase> <!-- TC_Cost_Activity_Report_TS042 -->
  <testcase classname="commonMethods.Testcases" name="TC_Transportation_Dispatch_Notice_SC_TDN_29" time="0.0">
    <ignored/>
  </testcase> <!-- TC_Transportation_Dispatch_Notice_SC_TDN_29 -->
  <testcase classname="commonMethods.Testcases" name="TC_Transportation_Dispatch_Notice_SC_TDN_28" time="0.0">
    <ignored/>
  </testcase> <!-- TC_Transportation_Dispatch_Notice_SC_TDN_28 -->
  <testcase classname="commonMethods.Testcases" name="TC_Transportation_Dispatch_Notice_SC_TDN_27" time="0.0">
    <ignored/>
  </testcase> <!-- TC_Transportation_Dispatch_Notice_SC_TDN_27 -->
  <testcase classname="commonMethods.Testcases" name="TC_Transportation_Dispatch_Notice_SC_TDN_10" time="0.0">
    <ignored/>
  </testcase> <!-- TC_Transportation_Dispatch_Notice_SC_TDN_10 -->
  <testcase classname="commonMethods.Testcases" name="TC_Scale_In_TS_027_IP" time="0.0">
    <ignored/>
  </testcase> <!-- TC_Scale_In_TS_027_IP -->
  <testcase classname="commonMethods.Testcases" name="TC_Cost_Activity_Report_TS079" time="0.0">
    <ignored/>
  </testcase> <!-- TC_Cost_Activity_Report_TS079 -->
  <testcase classname="commonMethods.Testcases" name="TC_Cost_Activity_Report_TS074" time="0.0">
    <ignored/>
  </testcase> <!-- TC_Cost_Activity_Report_TS074 -->
  <testcase classname="commonMethods.Testcases" name="TC_Transportation_Dispatch_Notice_SC_TDN_14" time="0.0">
    <ignored/>
  </testcase> <!-- TC_Transportation_Dispatch_Notice_SC_TDN_14 -->
  <testcase classname="commonMethods.Testcases" name="TC_Cost_Activity_Report_TS073" time="0.0">
    <ignored/>
  </testcase> <!-- TC_Cost_Activity_Report_TS073 -->
  <testcase classname="commonMethods.Testcases" name="TC_Transportation_Dispatch_Notice_SC_TDN_11" time="0.0">
    <ignored/>
  </testcase> <!-- TC_Transportation_Dispatch_Notice_SC_TDN_11 -->
  <testcase classname="commonMethods.Testcases" name="TC_Cost_Activity_Report_TS076" time="0.0">
    <ignored/>
  </testcase> <!-- TC_Cost_Activity_Report_TS076 -->
  <testcase classname="commonMethods.Testcases" name="TC_Transportation_Dispatch_Notice_SC_TDN_13" time="0.0">
    <ignored/>
  </testcase> <!-- TC_Transportation_Dispatch_Notice_SC_TDN_13 -->
  <testcase classname="commonMethods.Testcases" name="TC_Cost_Activity_Report_TS078" time="0.0">
    <ignored/>
  </testcase> <!-- TC_Cost_Activity_Report_TS078 -->
  <testcase classname="commonMethods.Testcases" name="TC_Cost_Activity_Report_TS077" time="0.0">
    <ignored/>
  </testcase> <!-- TC_Cost_Activity_Report_TS077 -->
  <testcase classname="commonMethods.Testcases" name="TC_Transportation_Dispatch_Notice_SC_TDN_15" time="0.0">
    <ignored/>
  </testcase> <!-- TC_Transportation_Dispatch_Notice_SC_TDN_15 -->
  <testcase classname="commonMethods.Testcases" name="TC_Transportation_Dispatch_Notice_SC_TDN_12" time="0.0">
    <ignored/>
  </testcase> <!-- TC_Transportation_Dispatch_Notice_SC_TDN_12 -->
  <testcase classname="commonMethods.Testcases" name="TC_Cost_Activity_Report_TS075" time="0.0">
    <ignored/>
  </testcase> <!-- TC_Cost_Activity_Report_TS075 -->
  <testcase classname="commonMethods.Testcases" name="TC_Transportation_Dispatch_Notice_SC_TDN_18" time="0.0">
    <ignored/>
  </testcase> <!-- TC_Transportation_Dispatch_Notice_SC_TDN_18 -->
  <testcase classname="commonMethods.Testcases" name="TC_Cost_Activity_Report_TS071" time="0.0">
    <ignored/>
  </testcase> <!-- TC_Cost_Activity_Report_TS071 -->
  <testcase classname="commonMethods.Testcases" name="TC_Transportation_Dispatch_Notice_SC_TDN_17" time="0.0">
    <ignored/>
  </testcase> <!-- TC_Transportation_Dispatch_Notice_SC_TDN_17 -->
  <testcase classname="commonMethods.Testcases" name="TC_EquipmentActivity_TS_054_TS056_C" time="0.0">
    <ignored/>
  </testcase> <!-- TC_EquipmentActivity_TS_054_TS056_C -->
  <testcase classname="commonMethods.Testcases" name="TC_Scale_In_TS_028_IP" time="0.0">
    <ignored/>
  </testcase> <!-- TC_Scale_In_TS_028_IP -->
  <testcase classname="commonMethods.Testcases" name="TC_Transportation_Dispatch_Notice_SC_TDN_19" time="0.0">
    <ignored/>
  </testcase> <!-- TC_Transportation_Dispatch_Notice_SC_TDN_19 -->
  <testcase classname="commonMethods.Testcases" name="TC_Transportation_Dispatch_Notice_SC_TDN_16" time="0.0">
    <ignored/>
  </testcase> <!-- TC_Transportation_Dispatch_Notice_SC_TDN_16 -->
  <testcase classname="commonMethods.Testcases" name="TC_Cost_Activity_Report_TS070" time="0.0">
    <ignored/>
  </testcase> <!-- TC_Cost_Activity_Report_TS070 -->
  <testcase classname="commonMethods.Testcases" name="TC_Cost_Activity_Report_TS072" time="0.0">
    <ignored/>
  </testcase> <!-- TC_Cost_Activity_Report_TS072 -->
  <testcase classname="commonMethods.Testcases" name="TC_Cost_Activity_Report_TS068" time="0.0">
    <ignored/>
  </testcase> <!-- TC_Cost_Activity_Report_TS068 -->
  <testcase classname="commonMethods.Testcases" name="TC_Scale_In_TS_009" time="0.0">
    <ignored/>
  </testcase> <!-- TC_Scale_In_TS_009 -->
  <testcase classname="commonMethods.Testcases" name="TC_Cost_Activity_Report_TS063" time="0.0">
    <ignored/>
  </testcase> <!-- TC_Cost_Activity_Report_TS063 -->
  <testcase classname="commonMethods.Testcases" name="TC_Transportation_Dispatch_Notice_SC_TDN_03" time="0.0">
    <ignored/>
  </testcase> <!-- TC_Transportation_Dispatch_Notice_SC_TDN_03 -->
  <testcase classname="commonMethods.Testcases" name="TC_Cost_Activity_Report_TS062" time="0.0">
    <ignored/>
  </testcase> <!-- TC_Cost_Activity_Report_TS062 -->
  <testcase classname="commonMethods.Testcases" name="TC_Cost_Activity_Report_TS065" time="0.0">
    <ignored/>
  </testcase> <!-- TC_Cost_Activity_Report_TS065 -->
  <testcase classname="commonMethods.Testcases" name="TC_Scale_In_TS_006" time="0.0">
    <ignored/>
  </testcase> <!-- TC_Scale_In_TS_006 -->
  <testcase classname="commonMethods.Testcases" name="TC_Transportation_Dispatch_Notice_SC_TDN_02" time="0.0">
    <ignored/>
  </testcase> <!-- TC_Transportation_Dispatch_Notice_SC_TDN_02 -->
  <testcase classname="commonMethods.Testcases" name="TC_Scale_In_TS_008" time="0.0">
    <ignored/>
  </testcase> <!-- TC_Scale_In_TS_008 -->
  <testcase classname="commonMethods.Testcases" name="TC_Cost_Activity_Report_TS066" time="0.0">
    <ignored/>
  </testcase> <!-- TC_Cost_Activity_Report_TS066 -->
  <testcase classname="commonMethods.Testcases" name="TC_Transportation_Dispatch_Notice_SC_TDN_04" time="0.0">
    <ignored/>
  </testcase> <!-- TC_Transportation_Dispatch_Notice_SC_TDN_04 -->
  <testcase classname="commonMethods.Testcases" name="TC_Scale_In_TS_007" time="0.0">
    <ignored/>
  </testcase> <!-- TC_Scale_In_TS_007 -->
  <testcase classname="commonMethods.Testcases" name="TC_Transportation_Dispatch_Notice_SC_TDN_01" time="0.0">
    <ignored/>
  </testcase> <!-- TC_Transportation_Dispatch_Notice_SC_TDN_01 -->
  <testcase classname="commonMethods.Testcases" name="TC_Cost_Activity_Report_TS069" time="0.0">
    <ignored/>
  </testcase> <!-- TC_Cost_Activity_Report_TS069 -->
  <testcase classname="commonMethods.Testcases" name="EMS_Contract_Registration_IP003" time="0.0">
    <ignored/>
  </testcase> <!-- EMS_Contract_Registration_IP003 -->
  <testcase classname="commonMethods.Testcases" name="EMS_Contract_Registration_IP001" time="0.0">
    <ignored/>
  </testcase> <!-- EMS_Contract_Registration_IP001 -->
  <testcase classname="commonMethods.Testcases" name="EMS_Contract_Registration_IP002" time="0.0">
    <ignored/>
  </testcase> <!-- EMS_Contract_Registration_IP002 -->
  <testcase classname="commonMethods.Testcases" name="TC_Transportation_Dispatch_Notice_SC_TDN_07" time="0.0">
    <ignored/>
  </testcase> <!-- TC_Transportation_Dispatch_Notice_SC_TDN_07 -->
  <testcase classname="commonMethods.Testcases" name="TC_Transportation_Dispatch_Notice_SC_TDN_06" time="0.0">
    <ignored/>
  </testcase> <!-- TC_Transportation_Dispatch_Notice_SC_TDN_06 -->
  <testcase classname="commonMethods.Testcases" name="TC_Transportation_Dispatch_Notice_SC_TDN_08" time="0.0">
    <ignored/>
  </testcase> <!-- TC_Transportation_Dispatch_Notice_SC_TDN_08 -->
  <testcase classname="commonMethods.Testcases" name="TC_Transportation_Dispatch_Notice_SC_TDN_05" time="0.0">
    <ignored/>
  </testcase> <!-- TC_Transportation_Dispatch_Notice_SC_TDN_05 -->
  <testcase classname="commonMethods.Testcases" name="TC_Transportation_Dispatch_Notice_SC_TDN_09" time="0.0">
    <ignored/>
  </testcase> <!-- TC_Transportation_Dispatch_Notice_SC_TDN_09 -->
  <testcase classname="commonMethods.Testcases" name="TC_Cost_Activity_Report_TS061" time="0.0">
    <ignored/>
  </testcase> <!-- TC_Cost_Activity_Report_TS061 -->
  <testcase classname="commonMethods.Testcases" name="TC_Lessor_Bill_Upload_TS_045_to_TS_046_C" time="0.0">
    <ignored/>
  </testcase> <!-- TC_Lessor_Bill_Upload_TS_045_to_TS_046_C -->
  <testcase classname="commonMethods.Testcases" name="TC_Movement_Entry_Integration_TS056" time="0.0">
    <ignored/>
  </testcase> <!-- TC_Movement_Entry_Integration_TS056 -->
  <testcase classname="commonMethods.Testcases" name="TC_Movement_Entry_Integration_TS052" time="0.0">
    <ignored/>
  </testcase> <!-- TC_Movement_Entry_Integration_TS052 -->
  <testcase classname="commonMethods.Testcases" name="TC_Contract_Management_System_SC090" time="0.0">
    <ignored/>
  </testcase> <!-- TC_Contract_Management_System_SC090 -->
  <testcase classname="commonMethods.Testcases" name="TC_Contract_Management_System_SC091" time="0.0">
    <ignored/>
  </testcase> <!-- TC_Contract_Management_System_SC091 -->
  <testcase classname="commonMethods.Testcases" name="TC_Movement_Entry_Integration_TS051" time="0.0">
    <ignored/>
  </testcase> <!-- TC_Movement_Entry_Integration_TS051 -->
  <testcase classname="commonMethods.Testcases" name="TC_Movement_Entry_Integration_TS050" time="0.0">
    <ignored/>
  </testcase> <!-- TC_Movement_Entry_Integration_TS050 -->
  <testcase classname="commonMethods.Testcases" name="TC_EMS_Contract_Registration_11_To_20" time="0.0">
    <ignored/>
  </testcase> <!-- TC_EMS_Contract_Registration_11_To_20 -->
  <testcase classname="commonMethods.Testcases" name="TC_Movement_Entry_Integration_TS053" time="0.0">
    <ignored/>
  </testcase> <!-- TC_Movement_Entry_Integration_TS053 -->
  <testcase classname="commonMethods.Testcases" name="TC_Contract_Management_System_SC095" time="0.0">
    <ignored/>
  </testcase> <!-- TC_Contract_Management_System_SC095 -->
  <testcase classname="commonMethods.Testcases" name="TC_Contract_Management_System_SC092" time="0.0">
    <ignored/>
  </testcase> <!-- TC_Contract_Management_System_SC092 -->
  <testcase classname="commonMethods.Testcases" name="TC_Movement_Entry_Integration_TS055" time="0.0">
    <ignored/>
  </testcase> <!-- TC_Movement_Entry_Integration_TS055 -->
  <testcase classname="commonMethods.Testcases" name="TC_Contract_Management_System_SC093" time="0.0">
    <ignored/>
  </testcase> <!-- TC_Contract_Management_System_SC093 -->
  <testcase classname="commonMethods.Testcases" name="TC_Movement_Entry_Integration_TS054" time="0.0">
    <ignored/>
  </testcase> <!-- TC_Movement_Entry_Integration_TS054 -->
  <testcase classname="commonMethods.Testcases" name="TC_Movement_Entry_Integration_TS057" time="0.0">
    <ignored/>
  </testcase> <!-- TC_Movement_Entry_Integration_TS057 -->
  <testcase classname="commonMethods.Testcases" name="TC_Contract_Management_System_SC096" time="0.0">
    <ignored/>
  </testcase> <!-- TC_Contract_Management_System_SC096 -->
  <testcase classname="commonMethods.Testcases" name="TC_Movement_Entry_Integration_TS059" time="0.0">
    <ignored/>
  </testcase> <!-- TC_Movement_Entry_Integration_TS059 -->
  <testcase classname="commonMethods.Testcases" name="TC_Movement_Entry_Integration_TS058" time="0.0">
    <ignored/>
  </testcase> <!-- TC_Movement_Entry_Integration_TS058 -->
  <testcase classname="commonMethods.Testcases" name="TC_EmsEdiErrorMovement_SC35" time="0.0">
    <ignored/>
  </testcase> <!-- TC_EmsEdiErrorMovement_SC35 -->
  <testcase classname="commonMethods.Testcases" name="TC_Movement_Entry_Integration_TS045" time="0.0">
    <ignored/>
  </testcase> <!-- TC_Movement_Entry_Integration_TS045 -->
  <testcase classname="commonMethods.Testcases" name="TC_Contract_Management_System_SC094" time="0.0">
    <ignored/>
  </testcase> <!-- TC_Contract_Management_System_SC094 -->
  <testcase classname="commonMethods.Testcases" name="TC_EMS_Gate_SC34" time="0.0">
    <ignored/>
  </testcase> <!-- TC_EMS_Gate_SC34 -->
  <testcase classname="commonMethods.Testcases" name="TC_EMS_Gate_SC33" time="0.0">
    <ignored/>
  </testcase> <!-- TC_EMS_Gate_SC33 -->
  <testcase classname="commonMethods.Testcases" name="TC_Stock_Report_by_Size_Type_Detail_Report_TS_040" time="0.0">
    <ignored/>
  </testcase> <!-- TC_Stock_Report_by_Size_Type_Detail_Report_TS_040 -->
  <testcase classname="commonMethods.Testcases" name="TC_Stock_Report_by_Size_Type_Detail_Report_TS_041" time="0.0">
    <ignored/>
  </testcase> <!-- TC_Stock_Report_by_Size_Type_Detail_Report_TS_041 -->
  <testcase classname="commonMethods.Testcases" name="TC_Movement_Entry_Integration_TS049" time="0.0">
    <ignored/>
  </testcase> <!-- TC_Movement_Entry_Integration_TS049 -->
  <testcase classname="commonMethods.Testcases" name="TC_Cost_Activity_Report_TS082" time="0.0">
    <ignored/>
  </testcase> <!-- TC_Cost_Activity_Report_TS082 -->
  <testcase classname="commonMethods.Testcases" name="TC_Movement_Entry_Integration_TS044" time="0.0">
    <ignored/>
  </testcase> <!-- TC_Movement_Entry_Integration_TS044 -->
  <testcase classname="commonMethods.Testcases" name="TC_Movement_Entry_Integration_TS043" time="0.0">
    <ignored/>
  </testcase> <!-- TC_Movement_Entry_Integration_TS043 -->
  <testcase classname="commonMethods.Testcases" name="TC_Rate_Request_SC24toSC37" time="0.0">
    <ignored/>
  </testcase> <!-- TC_Rate_Request_SC24toSC37 -->
  <testcase classname="commonMethods.Testcases" name="TC_Movement_Entry_Integration_TS046" time="0.0">
    <ignored/>
  </testcase> <!-- TC_Movement_Entry_Integration_TS046 -->
  <testcase classname="commonMethods.Testcases" name="TC_Movement_Entry_Integration_TS048" time="0.0">
    <ignored/>
  </testcase> <!-- TC_Movement_Entry_Integration_TS048 -->
  <testcase classname="commonMethods.Testcases" name="TC_Cost_Activity_Report_TS081" time="0.0">
    <ignored/>
  </testcase> <!-- TC_Cost_Activity_Report_TS081 -->
  <testcase classname="commonMethods.Testcases" name="TC_Movement_Entry_Integration_TS047" time="0.0">
    <ignored/>
  </testcase> <!-- TC_Movement_Entry_Integration_TS047 -->
  <testcase classname="commonMethods.Testcases" name="TC_Cost_Activity_Report_TS080" time="0.0">
    <ignored/>
  </testcase> <!-- TC_Cost_Activity_Report_TS080 -->
  <testcase classname="commonMethods.Testcases" name="TC_Stock_Report_by_Stock_Status_TS042" time="0.0">
    <ignored/>
  </testcase> <!-- TC_Stock_Report_by_Stock_Status_TS042 -->
  <testcase classname="commonMethods.Testcases" name="Bill_Upload_Gate_TS_046" time="0.0">
    <ignored/>
  </testcase> <!-- Bill_Upload_Gate_TS_046 -->
  <testcase classname="commonMethods.Testcases" name="TC_Scale_In_TS_029_IP" time="0.0">
    <ignored/>
  </testcase> <!-- TC_Scale_In_TS_029_IP -->
  <testcase classname="commonMethods.Testcases" name="TC_Movement_Entry_Integration_TS060" time="0.0">
    <ignored/>
  </testcase> <!-- TC_Movement_Entry_Integration_TS060 -->
  <testcase classname="commonMethods.Testcases" name="TC_Movement_Entry_Integration_TS062" time="0.0">
    <ignored/>
  </testcase> <!-- TC_Movement_Entry_Integration_TS062 -->
  <testcase classname="commonMethods.Testcases" name="TC_Movement_Entry_Integration_TS061" time="0.0">
    <ignored/>
  </testcase> <!-- TC_Movement_Entry_Integration_TS061 -->
  <testcase classname="commonMethods.Testcases" name="TC_Rate_Request_SC65" time="0.0">
    <ignored/>
  </testcase> <!-- TC_Rate_Request_SC65 -->
  <testcase classname="commonMethods.Testcases" name="TC_Rate_Request_SC60" time="0.0">
    <ignored/>
  </testcase> <!-- TC_Rate_Request_SC60 -->
  <testcase classname="commonMethods.Testcases" name="TC_On_Off_hire_status_TS036" time="0.0">
    <ignored/>
  </testcase> <!-- TC_On_Off_hire_status_TS036 -->
  <testcase classname="commonMethods.Testcases" name="TC_Rate_Request_SC62" time="0.0">
    <ignored/>
  </testcase> <!-- TC_Rate_Request_SC62 -->
  <testcase classname="commonMethods.Testcases" name="TC_Rate_Request_SC64" time="0.0">
    <ignored/>
  </testcase> <!-- TC_Rate_Request_SC64 -->
  <testcase classname="commonMethods.Testcases" name="TC_Rate_Request_SC63" time="0.0">
    <ignored/>
  </testcase> <!-- TC_Rate_Request_SC63 -->
  <testcase classname="commonMethods.Testcases" name="TC_Rate_Request_SC66" time="0.0">
    <ignored/>
  </testcase> <!-- TC_Rate_Request_SC66 -->
  <testcase classname="commonMethods.Testcases" name="TC_Movement_Entry_IntegrationTS037" time="0.0">
    <ignored/>
  </testcase> <!-- TC_Movement_Entry_IntegrationTS037 -->
  <testcase classname="commonMethods.Testcases" name="TC_Movement_Entry_IntegrationTS034" time="0.0">
    <ignored/>
  </testcase> <!-- TC_Movement_Entry_IntegrationTS034 -->
  <testcase classname="commonMethods.Testcases" name="TC_Movement_Entry_IntegrationTS036" time="0.0">
    <ignored/>
  </testcase> <!-- TC_Movement_Entry_IntegrationTS036 -->
  <testcase classname="commonMethods.Testcases" name="TC_On_Off_hire_status_TS037" time="0.0">
    <ignored/>
  </testcase> <!-- TC_On_Off_hire_status_TS037 -->
  <testcase classname="commonMethods.Testcases" name="TC_Movement_Entry_IntegrationTS038" time="0.0">
    <ignored/>
  </testcase> <!-- TC_Movement_Entry_IntegrationTS038 -->
  <testcase classname="commonMethods.Testcases" name="TC_Movement_Entry_IntegrationTS035" time="0.0">
    <ignored/>
  </testcase> <!-- TC_Movement_Entry_IntegrationTS035 -->
  <testcase classname="commonMethods.Testcases" name="TC_Movement_Entry_IntegrationTS039" time="0.0">
    <ignored/>
  </testcase> <!-- TC_Movement_Entry_IntegrationTS039 -->
  <testcase classname="commonMethods.Testcases" name="TC_Rate_Request_SC69" time="0.0">
    <ignored/>
  </testcase> <!-- TC_Rate_Request_SC69 -->
  <testcase classname="commonMethods.Testcases" name="TC_Rate_Request_SC68" time="0.0">
    <ignored/>
  </testcase> <!-- TC_Rate_Request_SC68 -->
  <testcase classname="commonMethods.Testcases" name="TC_Rate_Request_SC67" time="0.0">
    <ignored/>
  </testcase> <!-- TC_Rate_Request_SC67 -->
  <testcase classname="commonMethods.Testcases" name="TC_Rate_Request_SC50" time="0.0">
    <ignored/>
  </testcase> <!-- TC_Rate_Request_SC50 -->
  <testcase classname="commonMethods.Testcases" name="TC_ScaleIn_ScaleOut_Reference_TS21_to_TS32_I" time="0.0">
    <ignored/>
  </testcase> <!-- TC_ScaleIn_ScaleOut_Reference_TS21_to_TS32_I -->
  <testcase classname="commonMethods.Testcases" name="TC_Rate_Request_SC76" time="0.0">
    <ignored/>
  </testcase> <!-- TC_Rate_Request_SC76 -->
  <testcase classname="commonMethods.Testcases" name="TC_Movement_Entry_IntegrationTS040" time="0.0">
    <ignored/>
  </testcase> <!-- TC_Movement_Entry_IntegrationTS040 -->
  <testcase classname="commonMethods.Testcases" name="TC_Rate_Request_SC71" time="0.0">
    <ignored/>
  </testcase> <!-- TC_Rate_Request_SC71 -->
  <testcase classname="commonMethods.Testcases" name="TC_Rate_Request_SC70" time="0.0">
    <ignored/>
  </testcase> <!-- TC_Rate_Request_SC70 -->
  <testcase classname="commonMethods.Testcases" name="TC_Rate_Request_SC75" time="0.0">
    <ignored/>
  </testcase> <!-- TC_Rate_Request_SC75 -->
  <testcase classname="commonMethods.Testcases" name="TC_Movement_Entry_IntegrationTS041" time="0.0">
    <ignored/>
  </testcase> <!-- TC_Movement_Entry_IntegrationTS041 -->
  <testcase classname="commonMethods.Testcases" name="TC_Rate_Request_SC74" time="0.0">
    <ignored/>
  </testcase> <!-- TC_Rate_Request_SC74 -->
  <testcase classname="commonMethods.Testcases" name="TC_Rate_Request_SC77" time="0.0">
    <ignored/>
  </testcase> <!-- TC_Rate_Request_SC77 -->
  <testcase classname="commonMethods.Testcases" name="TC_Movement_Entry_IntegrationTS042" time="0.0">
    <ignored/>
  </testcase> <!-- TC_Movement_Entry_IntegrationTS042 -->
  <testcase classname="commonMethods.Testcases" name="TC_Movement_Entry_IntegrationTS033" time="0.0">
    <ignored/>
  </testcase> <!-- TC_Movement_Entry_IntegrationTS033 -->
  <testcase classname="commonMethods.Testcases" name="TC_Rate_Request_SC79" time="0.0">
    <ignored/>
  </testcase> <!-- TC_Rate_Request_SC79 -->
  <testcase classname="commonMethods.Testcases" name="TC_Rate_Request_SC78" time="0.0">
    <ignored/>
  </testcase> <!-- TC_Rate_Request_SC78 -->
  <testcase classname="commonMethods.Testcases" name="TC_Rate_Request_SC61" time="0.0">
    <ignored/>
  </testcase> <!-- TC_Rate_Request_SC61 -->
  <testcase classname="commonMethods.Testcases" name="TC_Equipment_Master_TS051_to_TS053_C" time="0.0">
    <ignored/>
  </testcase> <!-- TC_Equipment_Master_TS051_to_TS053_C -->
  <testcase classname="commonMethods.Testcases" name="TC_Rate_Request_SC43" time="0.0">
    <ignored/>
  </testcase> <!-- TC_Rate_Request_SC43 -->
  <testcase classname="commonMethods.Testcases" name="TC_Rate_Request_SC40" time="0.0">
    <ignored/>
  </testcase> <!-- TC_Rate_Request_SC40 -->
  <testcase classname="commonMethods.Testcases" name="TC_Rate_Request_SC42" time="0.0">
    <ignored/>
  </testcase> <!-- TC_Rate_Request_SC42 -->
  <testcase classname="commonMethods.Testcases" name="TC_Rate_Request_SC41" time="0.0">
    <ignored/>
  </testcase> <!-- TC_Rate_Request_SC41 -->
  <testcase classname="commonMethods.Testcases" name="TC_Rate_Request_SC44" time="0.0">
    <ignored/>
  </testcase> <!-- TC_Rate_Request_SC44 -->
  <testcase classname="commonMethods.Testcases" name="TC_Rate_Request_SC47" time="0.0">
    <ignored/>
  </testcase> <!-- TC_Rate_Request_SC47 -->
  <testcase classname="commonMethods.Testcases" name="TC_Rate_Request_SC46" time="0.0">
    <ignored/>
  </testcase> <!-- TC_Rate_Request_SC46 -->
  <testcase classname="commonMethods.Testcases" name="TC_Rate_Request_SC45" time="0.0">
    <ignored/>
  </testcase> <!-- TC_Rate_Request_SC45 -->
  <testcase classname="commonMethods.Testcases" name="TC_Rate_Request_SC48" time="0.0">
    <ignored/>
  </testcase> <!-- TC_Rate_Request_SC48 -->
  <testcase classname="commonMethods.Testcases" name="TC_Rate_Request_SC49" time="0.0">
    <ignored/>
  </testcase> <!-- TC_Rate_Request_SC49 -->
  <testcase classname="commonMethods.Testcases" name="TC_Rate_Request_SC54" time="0.0">
    <ignored/>
  </testcase> <!-- TC_Rate_Request_SC54 -->
  <testcase classname="commonMethods.Testcases" name="TC_Contract_Management_System_SC089" time="0.0">
    <ignored/>
  </testcase> <!-- TC_Contract_Management_System_SC089 -->
  <testcase classname="commonMethods.Testcases" name="TC_Rate_Request_SC51" time="0.0">
    <ignored/>
  </testcase> <!-- TC_Rate_Request_SC51 -->
  <testcase classname="commonMethods.Testcases" name="TC_Rate_Request_SC53" time="0.0">
    <ignored/>
  </testcase> <!-- TC_Rate_Request_SC53 -->
  <testcase classname="commonMethods.Testcases" name="TC_Rate_Request_SC52" time="0.0">
    <ignored/>
  </testcase> <!-- TC_Rate_Request_SC52 -->
  <testcase classname="commonMethods.Testcases" name="TC_Scale_In_TS_025_IP" time="0.0">
    <ignored/>
  </testcase> <!-- TC_Scale_In_TS_025_IP -->
  <testcase classname="commonMethods.Testcases" name="TC_Rate_Request_SC55" time="0.0">
    <ignored/>
  </testcase> <!-- TC_Rate_Request_SC55 -->
  <testcase classname="commonMethods.Testcases" name="TC_Equipment_Report_By_CurrentHistort_TS029_TS032_C" time="0.0">
    <ignored/>
  </testcase> <!-- TC_Equipment_Report_By_CurrentHistort_TS029_TS032_C -->
  <testcase classname="commonMethods.Testcases" name="TC_Rate_Request_SC58" time="0.0">
    <ignored/>
  </testcase> <!-- TC_Rate_Request_SC58 -->
  <testcase classname="commonMethods.Testcases" name="TC_Rate_Request_SC57" time="0.0">
    <ignored/>
  </testcase> <!-- TC_Rate_Request_SC57 -->
  <testcase classname="commonMethods.Testcases" name="TC_Rate_Request_SC56" time="0.0">
    <ignored/>
  </testcase> <!-- TC_Rate_Request_SC56 -->
  <testcase classname="commonMethods.Testcases" name="TC_Rate_Request_SC59" time="0.0">
    <ignored/>
  </testcase> <!-- TC_Rate_Request_SC59 -->
  <testcase classname="commonMethods.Testcases" name="TC_Rate_Request_SC21" time="0.0">
    <ignored/>
  </testcase> <!-- TC_Rate_Request_SC21 -->
  <testcase classname="commonMethods.Testcases" name="TC_Cost_Activity_Report_TS013" time="0.0">
    <ignored/>
  </testcase> <!-- TC_Cost_Activity_Report_TS013 -->
  <testcase classname="commonMethods.Testcases" name="TC_Cost_Activity_Report_TS010" time="0.0">
    <ignored/>
  </testcase> <!-- TC_Cost_Activity_Report_TS010 -->
  <testcase classname="commonMethods.Testcases" name="TC_Rate_Request_SC20" time="0.0">
    <ignored/>
  </testcase> <!-- TC_Rate_Request_SC20 -->
  <testcase classname="commonMethods.Testcases" name="TC_Cost_Activity_Report_TS012" time="0.0">
    <ignored/>
  </testcase> <!-- TC_Cost_Activity_Report_TS012 -->
  <testcase classname="commonMethods.Testcases" name="TC_Cost_Activity_Report_TS011" time="0.0">
    <ignored/>
  </testcase> <!-- TC_Cost_Activity_Report_TS011 -->
  <testcase classname="commonMethods.Testcases" name="TC_Rate_Request_SC22" time="0.0">
    <ignored/>
  </testcase> <!-- TC_Rate_Request_SC22 -->
  <testcase classname="commonMethods.Testcases" name="TC_Cost_Activity_Report_TS014" time="0.0">
    <ignored/>
  </testcase> <!-- TC_Cost_Activity_Report_TS014 -->
  <testcase classname="commonMethods.Testcases" name="TC_Movement_Entry_TS_020" time="0.0">
    <ignored/>
  </testcase> <!-- TC_Movement_Entry_TS_020 -->
  <testcase classname="commonMethods.Testcases" name="TC_Cost_Activity_Report_TS016" time="0.0">
    <ignored/>
  </testcase> <!-- TC_Cost_Activity_Report_TS016 -->
  <testcase classname="commonMethods.Testcases" name="TC_Cost_Activity_Report_TS015" time="0.0">
    <ignored/>
  </testcase> <!-- TC_Cost_Activity_Report_TS015 -->
  <testcase classname="commonMethods.Testcases" name="TC_Cost_Activity_Report_TS018" time="0.0">
    <ignored/>
  </testcase> <!-- TC_Cost_Activity_Report_TS018 -->
  <testcase classname="commonMethods.Testcases" name="TC_EMS_Contract_Billing_Generation_And_Verification_TS68_to_TS86_C" time="0.0">
    <ignored/>
  </testcase> <!-- TC_EMS_Contract_Billing_Generation_And_Verification_TS68_to_TS86_C -->
  <testcase classname="commonMethods.Testcases" name="TC_Cost_Activity_Report_TS019" time="0.0">
    <ignored/>
  </testcase> <!-- TC_Cost_Activity_Report_TS019 -->
  <testcase classname="commonMethods.Testcases" name="TC_Movement_Entry_TS_017" time="0.0">
    <ignored/>
  </testcase> <!-- TC_Movement_Entry_TS_017 -->
  <testcase classname="commonMethods.Testcases" name="TC_Movement_Entry_TS_015" time="0.0">
    <ignored/>
  </testcase> <!-- TC_Movement_Entry_TS_015 -->
  <testcase classname="commonMethods.Testcases" name="TC_Rate_Request_SC25" time="0.0">
    <ignored/>
  </testcase> <!-- TC_Rate_Request_SC25 -->
  <testcase classname="commonMethods.Testcases" name="TC_Movement_Entry_TS_018" time="0.0">
    <ignored/>
  </testcase> <!-- TC_Movement_Entry_TS_018 -->
  <testcase classname="commonMethods.Testcases" name="TC_Cost_Activity_Report_TS017" time="0.0">
    <ignored/>
  </testcase> <!-- TC_Cost_Activity_Report_TS017 -->
  <testcase classname="commonMethods.Testcases" name="TC_Movement_Entry_IntegrationTS066" time="0.0">
    <ignored/>
  </testcase> <!-- TC_Movement_Entry_IntegrationTS066 -->
  <testcase classname="commonMethods.Testcases" name="TC_Movement_Entry_TS_019" time="0.0">
    <ignored/>
  </testcase> <!-- TC_Movement_Entry_TS_019 -->
  <testcase classname="commonMethods.Testcases" name="TC_Rate_Request_SC29" time="0.0">
    <ignored/>
  </testcase> <!-- TC_Rate_Request_SC29 -->
  <testcase classname="commonMethods.Testcases" name="TC_Rate_Request_SC24" time="0.0">
    <ignored/>
  </testcase> <!-- TC_Rate_Request_SC24 -->
  <testcase classname="commonMethods.Testcases" name="TC_Rate_Request_SC23" time="0.0">
    <ignored/>
  </testcase> <!-- TC_Rate_Request_SC23 -->
  <testcase classname="commonMethods.Testcases" name="TC_Rate_Request_SC26" time="0.0">
    <ignored/>
  </testcase> <!-- TC_Rate_Request_SC26 -->
  <testcase classname="commonMethods.Testcases" name="TC_Scale_In_TS_026_IP" time="0.0">
    <ignored/>
  </testcase> <!-- TC_Scale_In_TS_026_IP -->
  <testcase classname="commonMethods.Testcases" name="TC_Rate_Request_SC28" time="0.0">
    <ignored/>
  </testcase> <!-- TC_Rate_Request_SC28 -->
  <testcase classname="commonMethods.Testcases" name="TC_Rate_Request_SC27" time="0.0">
    <ignored/>
  </testcase> <!-- TC_Rate_Request_SC27 -->
  <testcase classname="commonMethods.Testcases" name="TC_Movement_Entry_TS_016" time="0.0">
    <ignored/>
  </testcase> <!-- TC_Movement_Entry_TS_016 -->
  <testcase classname="commonMethods.Testcases" name="TC_Cost_Activity_Report_TS002" time="0.0">
    <ignored/>
  </testcase> <!-- TC_Cost_Activity_Report_TS002 -->
  <testcase classname="commonMethods.Testcases" name="TC_Rate_Request_SC32" time="0.0">
    <ignored/>
  </testcase> <!-- TC_Rate_Request_SC32 -->
  <testcase classname="commonMethods.Testcases" name="TC_Enquiry_History_TS023_to_TS028_C" time="0.0">
    <ignored/>
  </testcase> <!-- TC_Enquiry_History_TS023_to_TS028_C -->
  <testcase classname="commonMethods.Testcases" name="TC_Cost_Activity_Report_TS001" time="0.0">
    <ignored/>
  </testcase> <!-- TC_Cost_Activity_Report_TS001 -->
  <testcase classname="commonMethods.Testcases" name="TC_Rate_Request_SC31" time="0.0">
    <ignored/>
  </testcase> <!-- TC_Rate_Request_SC31 -->
  <testcase classname="commonMethods.Testcases" name="TC_Rate_Request_SC30" time="0.0">
    <ignored/>
  </testcase> <!-- TC_Rate_Request_SC30 -->
  <testcase classname="commonMethods.Testcases" name="TC_Cost_Activity_Report_TS003" time="0.0">
    <ignored/>
  </testcase> <!-- TC_Cost_Activity_Report_TS003 -->
  <testcase classname="commonMethods.Testcases" name="TC_Rate_Request_SC33" time="0.0">
    <ignored/>
  </testcase> <!-- TC_Rate_Request_SC33 -->
  <testcase classname="commonMethods.Testcases" name="TC_Cost_Activity_Report_TS005" time="0.0">
    <ignored/>
  </testcase> <!-- TC_Cost_Activity_Report_TS005 -->
  <testcase classname="commonMethods.Testcases" name="TC_Cost_Activity_Report_TS004" time="0.0">
    <ignored/>
  </testcase> <!-- TC_Cost_Activity_Report_TS004 -->
  <testcase classname="commonMethods.Testcases" name="TC_Cost_Activity_Report_TS007" time="0.0">
    <ignored/>
  </testcase> <!-- TC_Cost_Activity_Report_TS007 -->
  <testcase classname="commonMethods.Testcases" name="TC_Cost_Activity_Report_TS009" time="0.0">
    <ignored/>
  </testcase> <!-- TC_Cost_Activity_Report_TS009 -->
  <testcase classname="commonMethods.Testcases" name="TC_Cost_Activity_Report_TS008" time="0.0">
    <ignored/>
  </testcase> <!-- TC_Cost_Activity_Report_TS008 -->
  <testcase classname="commonMethods.Testcases" name="Tc_EMS_Contract_Registration_IP001_To_IP010_C" time="0.0">
    <ignored/>
  </testcase> <!-- Tc_EMS_Contract_Registration_IP001_To_IP010_C -->
  <testcase classname="commonMethods.Testcases" name="TC_Cost_Activity_Report_TS006" time="0.0">
    <ignored/>
  </testcase> <!-- TC_Cost_Activity_Report_TS006 -->
  <testcase classname="commonMethods.Testcases" name="TC_Rate_Request_SC36" time="0.0">
    <ignored/>
  </testcase> <!-- TC_Rate_Request_SC36 -->
  <testcase classname="commonMethods.Testcases" name="TC_Rate_Request_SC35" time="0.0">
    <ignored/>
  </testcase> <!-- TC_Rate_Request_SC35 -->
  <testcase classname="commonMethods.Testcases" name="TC_Rate_Request_SC34" time="0.0">
    <ignored/>
  </testcase> <!-- TC_Rate_Request_SC34 -->
  <testcase classname="commonMethods.Testcases" name="TC_Rate_Request_SC37" time="0.0">
    <ignored/>
  </testcase> <!-- TC_Rate_Request_SC37 -->
  <testcase classname="commonMethods.Testcases" name="TC_Rate_Request_SC39" time="0.0">
    <ignored/>
  </testcase> <!-- TC_Rate_Request_SC39 -->
  <testcase classname="commonMethods.Testcases" name="TC_Rate_Request_SC38" time="0.0">
    <ignored/>
  </testcase> <!-- TC_Rate_Request_SC38 -->
  <testcase classname="commonMethods.Testcases" name="TC_Cost_Activity_Report_TS035" time="0.0">
    <ignored/>
  </testcase> <!-- TC_Cost_Activity_Report_TS035 -->
  <testcase classname="commonMethods.Testcases" name="TC_Cost_Activity_Report_TS030" time="0.0">
    <ignored/>
  </testcase> <!-- TC_Cost_Activity_Report_TS030 -->
  <testcase classname="commonMethods.Testcases" name="TC_Cost_Activity_Report_TS032" time="0.0">
    <ignored/>
  </testcase> <!-- TC_Cost_Activity_Report_TS032 -->
  <testcase classname="commonMethods.Testcases" name="TC_Cost_Activity_Report_TS034" time="0.0">
    <ignored/>
  </testcase> <!-- TC_Cost_Activity_Report_TS034 -->
  <testcase classname="commonMethods.Testcases" name="TC_Cost_Activity_Report_TS033" time="0.0">
    <ignored/>
  </testcase> <!-- TC_Cost_Activity_Report_TS033 -->
  <testcase classname="commonMethods.Testcases" name="TC_Cost_Activity_Report_TS036" time="0.0">
    <ignored/>
  </testcase> <!-- TC_Cost_Activity_Report_TS036 -->
  <testcase classname="commonMethods.Testcases" name="TC_Cost_Activity_Report_TS038" time="0.0">
    <ignored/>
  </testcase> <!-- TC_Cost_Activity_Report_TS038 -->
  <testcase classname="commonMethods.Testcases" name="TC_Cost_Activity_Report_TS037" time="0.0">
    <ignored/>
  </testcase> <!-- TC_Cost_Activity_Report_TS037 -->
  <testcase classname="commonMethods.Testcases" name="TC_Cost_Activity_Report_TS031" time="0.0">
    <ignored/>
  </testcase> <!-- TC_Cost_Activity_Report_TS031 -->
  <testcase classname="commonMethods.Testcases" name="TC_Rate_Request_SC09" time="0.0">
    <ignored/>
  </testcase> <!-- TC_Rate_Request_SC09 -->
  <testcase classname="commonMethods.Testcases" name="TC_Rate_Request_SC03" time="0.0">
    <ignored/>
  </testcase> <!-- TC_Rate_Request_SC03 -->
  <testcase classname="commonMethods.Testcases" name="TC_Cost_Activity_Report_TS039" time="0.0">
    <ignored/>
  </testcase> <!-- TC_Cost_Activity_Report_TS039 -->
  <testcase classname="commonMethods.Testcases" name="TC_Rate_Request_SC07" time="0.0">
    <ignored/>
  </testcase> <!-- TC_Rate_Request_SC07 -->
  <testcase classname="commonMethods.Testcases" name="TC_Rate_Request_SC02" time="0.0">
    <ignored/>
  </testcase> <!-- TC_Rate_Request_SC02 -->
  <testcase classname="commonMethods.Testcases" name="TC_Rate_Request_SC01" time="0.0">
    <ignored/>
  </testcase> <!-- TC_Rate_Request_SC01 -->
  <testcase classname="commonMethods.Testcases" name="TC_Rate_Request_SC04" time="0.0">
    <ignored/>
  </testcase> <!-- TC_Rate_Request_SC04 -->
  <testcase classname="commonMethods.Testcases" name="TC_Rate_Request_SC06" time="0.0">
    <ignored/>
  </testcase> <!-- TC_Rate_Request_SC06 -->
  <testcase classname="commonMethods.Testcases" name="TC_Rate_Request_SC05" time="0.0">
    <ignored/>
  </testcase> <!-- TC_Rate_Request_SC05 -->
  <testcase classname="commonMethods.Testcases" name="TC_Rate_Request_SC08" time="0.0">
    <ignored/>
  </testcase> <!-- TC_Rate_Request_SC08 -->
  <testcase classname="commonMethods.Testcases" name="TC_Cost_Activity_Report_TS024" time="0.0">
    <ignored/>
  </testcase> <!-- TC_Cost_Activity_Report_TS024 -->
  <testcase classname="commonMethods.Testcases" name="TC_Cost_Activity_Report_TS021" time="0.0">
    <ignored/>
  </testcase> <!-- TC_Cost_Activity_Report_TS021 -->
  <testcase classname="commonMethods.Testcases" name="TC_Cost_Activity_Report_TS023" time="0.0">
    <ignored/>
  </testcase> <!-- TC_Cost_Activity_Report_TS023 -->
  <testcase classname="commonMethods.Testcases" name="TC_Movement_Entry_IntegrationTS063" time="0.0">
    <ignored/>
  </testcase> <!-- TC_Movement_Entry_IntegrationTS063 -->
  <testcase classname="commonMethods.Testcases" name="TC_Cost_Activity_Report_TS022" time="0.0">
    <ignored/>
  </testcase> <!-- TC_Cost_Activity_Report_TS022 -->
  <testcase classname="commonMethods.Testcases" name="TC_Cost_Activity_Report_TS025" time="0.0">
    <ignored/>
  </testcase> <!-- TC_Cost_Activity_Report_TS025 -->
  <testcase classname="commonMethods.Testcases" name="TC_Movement_Entry_IntegrationTS065" time="0.0">
    <ignored/>
  </testcase> <!-- TC_Movement_Entry_IntegrationTS065 -->
  <testcase classname="commonMethods.Testcases" name="TC_Cost_Activity_Report_TS027" time="0.0">
    <ignored/>
  </testcase> <!-- TC_Cost_Activity_Report_TS027 -->
  <testcase classname="commonMethods.Testcases" name="TC_Movement_Entry_IntegrationTS067" time="0.0">
    <ignored/>
  </testcase> <!-- TC_Movement_Entry_IntegrationTS067 -->
  <testcase classname="commonMethods.Testcases" name="TC_Cost_Activity_Report_TS026" time="0.0">
    <ignored/>
  </testcase> <!-- TC_Cost_Activity_Report_TS026 -->
  <testcase classname="commonMethods.Testcases" name="TC_Movement_Entry_IntegrationTS064" time="0.0">
    <ignored/>
  </testcase> <!-- TC_Movement_Entry_IntegrationTS064 -->
  <testcase classname="commonMethods.Testcases" name="TC_Cost_Activity_Report_TS029" time="0.0">
    <ignored/>
  </testcase> <!-- TC_Cost_Activity_Report_TS029 -->
  <testcase classname="commonMethods.Testcases" name="TC_Cost_Activity_Report_TS020" time="0.0">
    <ignored/>
  </testcase> <!-- TC_Cost_Activity_Report_TS020 -->
  <testcase classname="commonMethods.Testcases" name="TC_Rate_Request_SC14" time="0.0">
    <ignored/>
  </testcase> <!-- TC_Rate_Request_SC14 -->
  <testcase classname="commonMethods.Testcases" name="TC_Cost_Activity_Report_TS028" time="0.0">
    <ignored/>
  </testcase> <!-- TC_Cost_Activity_Report_TS028 -->
  <testcase classname="commonMethods.Testcases" name="TC_Rate_Request_SC18" time="0.0">
    <ignored/>
  </testcase> <!-- TC_Rate_Request_SC18 -->
  <testcase classname="commonMethods.Testcases" name="TC_Rate_Request_SC13" time="0.0">
    <ignored/>
  </testcase> <!-- TC_Rate_Request_SC13 -->
  <testcase classname="commonMethods.Testcases" name="TC_Rate_Request_SC12" time="0.0">
    <ignored/>
  </testcase> <!-- TC_Rate_Request_SC12 -->
  <testcase classname="commonMethods.Testcases" name="TC_Rate_Request_SC15" time="0.0">
    <ignored/>
  </testcase> <!-- TC_Rate_Request_SC15 -->
  <testcase classname="commonMethods.Testcases" name="TC_Rate_Request_SC17" time="0.0">
    <ignored/>
  </testcase> <!-- TC_Rate_Request_SC17 -->
  <testcase classname="commonMethods.Testcases" name="TC_Rate_Request_SC16" time="0.0">
    <ignored/>
  </testcase> <!-- TC_Rate_Request_SC16 -->
  <testcase classname="commonMethods.Testcases" name="TC_Rate_Request_SC19" time="0.0">
    <ignored/>
  </testcase> <!-- TC_Rate_Request_SC19 -->
  <testcase classname="commonMethods.Testcases" name="TC_Equipment_Profile_TS057_To_TS061_C" time="0.0">
    <ignored/>
  </testcase> <!-- TC_Equipment_Profile_TS057_To_TS061_C -->
  <testcase classname="commonMethods.Testcases" name="TC_Activity_Definition_TS062_to_TS064_C" time="0.0">
    <ignored/>
  </testcase> <!-- TC_Activity_Definition_TS062_to_TS064_C -->
  <testcase classname="commonMethods.Testcases" name="TC_Rate_Request_SC01_to_SC06" time="0.0">
    <ignored/>
  </testcase> <!-- TC_Rate_Request_SC01_to_SC06 -->
  <testcase classname="commonMethods.Testcases" name="TC_ActivityDefinition_TS_063" time="0.0">
    <ignored/>
  </testcase> <!-- TC_ActivityDefinition_TS_063 -->
  <testcase classname="commonMethods.Testcases" name="TC_ActivityDefinition_TS_064" time="0.0">
    <ignored/>
  </testcase> <!-- TC_ActivityDefinition_TS_064 -->
  <testcase classname="commonMethods.Testcases" name="TC_ActivityDefinition_TS_062" time="0.0">
    <ignored/>
  </testcase> <!-- TC_ActivityDefinition_TS_062 -->
  <testcase classname="commonMethods.Testcases" name="TC_EMS_Contract_Billing_Generation_68" time="0.0">
    <ignored/>
  </testcase> <!-- TC_EMS_Contract_Billing_Generation_68 -->
  <testcase classname="commonMethods.Testcases" name="TC_EMS_Contract_Billing_Generation_69" time="0.0">
    <ignored/>
  </testcase> <!-- TC_EMS_Contract_Billing_Generation_69 -->
  <testcase classname="commonMethods.Testcases" name="TC_Rate_Request_SC10_SC11" time="0.0">
    <ignored/>
  </testcase> <!-- TC_Rate_Request_SC10_SC11 -->
  <testcase classname="commonMethods.Testcases" name="TC_EMS_Contract_Billing_Generation_70" time="0.0">
    <ignored/>
  </testcase> <!-- TC_EMS_Contract_Billing_Generation_70 -->
  <testcase classname="commonMethods.Testcases" name="TC_EMS_Contract_Billing_Generation_73" time="0.0">
    <ignored/>
  </testcase> <!-- TC_EMS_Contract_Billing_Generation_73 -->
  <testcase classname="commonMethods.Testcases" name="TC_EMS_Contract_Billing_Generation_74" time="0.0">
    <ignored/>
  </testcase> <!-- TC_EMS_Contract_Billing_Generation_74 -->
  <testcase classname="commonMethods.Testcases" name="TC_EMS_Contract_Billing_Generation_71" time="0.0">
    <ignored/>
  </testcase> <!-- TC_EMS_Contract_Billing_Generation_71 -->
  <testcase classname="commonMethods.Testcases" name="TC_EMS_Contract_Billing_Generation_72" time="0.0">
    <ignored/>
  </testcase> <!-- TC_EMS_Contract_Billing_Generation_72 -->
  <testcase classname="commonMethods.Testcases" name="TC_EMS_Contract_Registration_billing_TS_043_to_TS_044" time="0.0">
    <ignored/>
  </testcase> <!-- TC_EMS_Contract_Registration_billing_TS_043_to_TS_044 -->
  <testcase classname="commonMethods.Testcases" name="TC_EMS_Contract_Billing_Generation_78" time="0.0">
    <ignored/>
  </testcase> <!-- TC_EMS_Contract_Billing_Generation_78 -->
  <testcase classname="commonMethods.Testcases" name="TC_EMS_Contract_Billing_Generation_75" time="0.0">
    <ignored/>
  </testcase> <!-- TC_EMS_Contract_Billing_Generation_75 -->
  <testcase classname="commonMethods.Testcases" name="TC_EMS_Contract_Billing_Generation_76" time="0.0">
    <ignored/>
  </testcase> <!-- TC_EMS_Contract_Billing_Generation_76 -->
  <testcase classname="commonMethods.Testcases" name="TC_EMS_Contract_Billing_Generation_79" time="0.0">
    <ignored/>
  </testcase> <!-- TC_EMS_Contract_Billing_Generation_79 -->
  <testcase classname="commonMethods.Testcases" name="TC_Contract_Management_System_SC85" time="0.0">
    <ignored/>
  </testcase> <!-- TC_Contract_Management_System_SC85 -->
  <testcase classname="commonMethods.Testcases" name="TS_EMS_Contract_Registration_20" time="0.0">
    <ignored/>
  </testcase> <!-- TS_EMS_Contract_Registration_20 -->
  <testcase classname="commonMethods.Testcases" name="TC_Contract_Management_System_SC86" time="0.0">
    <ignored/>
  </testcase> <!-- TC_Contract_Management_System_SC86 -->
  <testcase classname="commonMethods.Testcases" name="TC_EMS_Contract_Billing_Generation_77" time="0.0">
    <ignored/>
  </testcase> <!-- TC_EMS_Contract_Billing_Generation_77 -->
  <testcase classname="commonMethods.Testcases" name="TC_EMS_Contract_Billing_Generation_81" time="0.0">
    <ignored/>
  </testcase> <!-- TC_EMS_Contract_Billing_Generation_81 -->
  <testcase classname="commonMethods.Testcases" name="TC_EMS_Contract_Billing_Generation_84" time="0.0">
    <ignored/>
  </testcase> <!-- TC_EMS_Contract_Billing_Generation_84 -->
  <testcase classname="commonMethods.Testcases" name="TC_EMS_Contract_Billing_Generation_85" time="0.0">
    <ignored/>
  </testcase> <!-- TC_EMS_Contract_Billing_Generation_85 -->
  <testcase classname="commonMethods.Testcases" name="TC_EMS_Contract_Billing_Generation_82" time="0.0">
    <ignored/>
  </testcase> <!-- TC_EMS_Contract_Billing_Generation_82 -->
  <testcase classname="commonMethods.Testcases" name="TC_EMS_Contract_Billing_Generation_83" time="0.0">
    <ignored/>
  </testcase> <!-- TC_EMS_Contract_Billing_Generation_83 -->
  <testcase classname="commonMethods.Testcases" name="Lessor_Bill_Upload_TS_045" time="0.0">
    <ignored/>
  </testcase> <!-- Lessor_Bill_Upload_TS_045 -->
  <testcase classname="commonMethods.Testcases" name="TC_EMSGate_TS033_TS034_TS_035_And_EDI_Request_Submission_TS022_C" time="0.0">
    <ignored/>
  </testcase> <!-- TC_EMSGate_TS033_TS034_TS_035_And_EDI_Request_Submission_TS022_C -->
  <testcase classname="commonMethods.Testcases" name="TC_Contract_Management_System_SC88" time="0.0">
    <ignored/>
  </testcase> <!-- TC_Contract_Management_System_SC88 -->
  <testcase classname="commonMethods.Testcases" name="TC_EMS_Contract_Billing_Generation_86" time="0.0">
    <ignored/>
  </testcase> <!-- TC_EMS_Contract_Billing_Generation_86 -->
  <testcase classname="commonMethods.Testcases" name="TC_Contract_Management_System_SC87" time="0.0">
    <ignored/>
  </testcase> <!-- TC_Contract_Management_System_SC87 -->
  <testcase classname="commonMethods.Testcases" name="TC_EMS_Contract_Billing_Generation_80" time="0.0">
    <ignored/>
  </testcase> <!-- TC_EMS_Contract_Billing_Generation_80 -->
  <testcase classname="commonMethods.Testcases" name="TC_Scale_In_TS_022_IP" time="0.0">
    <ignored/>
  </testcase> <!-- TC_Scale_In_TS_022_IP -->
  <testcase classname="commonMethods.Testcases" name="TC_Movement_entry_TS015_To_TS021_C" time="0.0">
    <ignored/>
  </testcase> <!-- TC_Movement_entry_TS015_To_TS021_C -->
  <testcase classname="commonMethods.Testcases" name="TC_Scale_In_TS_023_IP" time="0.0">
    <ignored/>
  </testcase> <!-- TC_Scale_In_TS_023_IP -->
  <testcase classname="commonMethods.Testcases" name="TC_ScaleIn_ScaleOut_Reference_TS006_to_TS014_C" time="0.0">
    <ignored/>
  </testcase> <!-- TC_ScaleIn_ScaleOut_Reference_TS006_to_TS014_C -->
  <testcase classname="commonMethods.Testcases" name="TC_Scale_In_TS_024_IP" time="0.0">
    <ignored/>
  </testcase> <!-- TC_Scale_In_TS_024_IP -->
  <testcase classname="commonMethods.Testcases" name="TC_EMS_036_To_042_C" time="0.0">
    <ignored/>
  </testcase> <!-- TC_EMS_036_To_042_C -->
  <testcase classname="commonMethods.Testcases" name="TC_Rate_Request_SC82" time="0.0">
    <ignored/>
  </testcase> <!-- TC_Rate_Request_SC82 -->
  <testcase classname="commonMethods.Testcases" name="TC_Rate_Request_SC81" time="0.0">
    <ignored/>
  </testcase> <!-- TC_Rate_Request_SC81 -->
  <testcase classname="commonMethods.Testcases" name="TC_Rate_Request_SC80" time="0.0">
    <ignored/>
  </testcase> <!-- TC_Rate_Request_SC80 -->
  <testcase classname="commonMethods.Testcases" name="TC_Rate_Request_SC13toSC18" time="0.0">
    <ignored/>
  </testcase> <!-- TC_Rate_Request_SC13toSC18 -->
  <testcase classname="commonMethods.Testcases" name="TC_Rate_Request_SC72" time="0.0">
    <ignored/>
  </testcase> <!-- TC_Rate_Request_SC72 -->
  <testcase classname="commonMethods.Testcases" name="TC_EquipmentReportCurrentHistory_SC32" time="0.0">
    <ignored/>
  </testcase> <!-- TC_EquipmentReportCurrentHistory_SC32 -->
  <testcase classname="commonMethods.Testcases" name="TC_EquipmentReportCurrentHistory_SC31" time="0.0">
    <ignored/>
  </testcase> <!-- TC_EquipmentReportCurrentHistory_SC31 -->
  <testcase classname="commonMethods.Testcases" name="TC_EquipmentReportCurrentHistory_SC30" time="0.0">
    <ignored/>
  </testcase> <!-- TC_EquipmentReportCurrentHistory_SC30 -->
  <testcase classname="commonMethods.Testcases" name="TC_EMS_Contract_Billing_Generation_43" time="0.0">
    <ignored/>
  </testcase> <!-- TC_EMS_Contract_Billing_Generation_43 -->
  <testcase classname="commonMethods.Testcases" name="TC_EquipmentReport_SC29" time="0.0">
    <ignored/>
  </testcase> <!-- TC_EquipmentReport_SC29 -->
  <testcase classname="commonMethods.Testcases" name="TC_EMS_Contract_Billing_Generation_44" time="0.0">
    <ignored/>
  </testcase> <!-- TC_EMS_Contract_Billing_Generation_44 -->
  <testcase classname="commonMethods.Testcases" name="TC_Movement_Entry_TS051_TS067_I" time="0.0">
    <ignored/>
  </testcase> <!-- TC_Movement_Entry_TS051_TS067_I -->
  <testcase classname="commonMethods.Testcases" name="TC_Load_Confirmation_SC_LC_02" time="0.0">
    <ignored/>
  </testcase> <!-- TC_Load_Confirmation_SC_LC_02 -->
  <testcase classname="commonMethods.Testcases" name="TC_Load_Confirmation_SC_LC_03" time="0.0">
    <ignored/>
  </testcase> <!-- TC_Load_Confirmation_SC_LC_03 -->
  <testcase classname="commonMethods.Testcases" name="TC_Load_Confirmation_SC_LC_01" time="0.0">
    <ignored/>
  </testcase> <!-- TC_Load_Confirmation_SC_LC_01 -->
  <testcase classname="commonMethods.Testcases" name="TC_Rate_Request_SC83" time="0.0">
    <ignored/>
  </testcase> <!-- TC_Rate_Request_SC83 -->
  <testcase classname="commonMethods.Testcases" name="TC_Load_Confirmation_SC_LC_04" time="0.0">
    <ignored/>
  </testcase> <!-- TC_Load_Confirmation_SC_LC_04 -->
  <testcase classname="commonMethods.Testcases" name="TC_Enquiry_History_TS026" time="0.0">
    <ignored/>
  </testcase> <!-- TC_Enquiry_History_TS026 -->
  <testcase classname="commonMethods.Testcases" name="TC_Enquiry_History_TS023" time="0.0">
    <ignored/>
  </testcase> <!-- TC_Enquiry_History_TS023 -->
  <testcase classname="commonMethods.Testcases" name="TC_Load_Confirmation_SC_LC_11" time="0.0">
    <ignored/>
  </testcase> <!-- TC_Load_Confirmation_SC_LC_11 -->
  <testcase classname="commonMethods.Testcases" name="TC_Enquiry_History_TS025" time="0.0">
    <ignored/>
  </testcase> <!-- TC_Enquiry_History_TS025 -->
  <testcase classname="commonMethods.Testcases" name="TC_Load_Confirmation_SC_LC_09" time="0.0">
    <ignored/>
  </testcase> <!-- TC_Load_Confirmation_SC_LC_09 -->
  <testcase classname="commonMethods.Testcases" name="TC_Rate_Request_SC19to23" time="0.0">
    <ignored/>
  </testcase> <!-- TC_Rate_Request_SC19to23 -->
  <testcase classname="commonMethods.Testcases" name="TC_Enquiry_History_TS027" time="0.0">
    <ignored/>
  </testcase> <!-- TC_Enquiry_History_TS027 -->
  <testcase classname="commonMethods.Testcases" name="TC_Load_Confirmation_SC_LC_07" time="0.0">
    <ignored/>
  </testcase> <!-- TC_Load_Confirmation_SC_LC_07 -->
  <testcase classname="commonMethods.Testcases" name="TC_Enquiry_History_TS024" time="0.0">
    <ignored/>
  </testcase> <!-- TC_Enquiry_History_TS024 -->
  <testcase classname="commonMethods.Testcases" name="TC_Load_Confirmation_SC_LC_08" time="0.0">
    <ignored/>
  </testcase> <!-- TC_Load_Confirmation_SC_LC_08 -->
  <testcase classname="commonMethods.Testcases" name="TC_Load_Confirmation_SC_LC_13" time="0.0">
    <ignored/>
  </testcase> <!-- TC_Load_Confirmation_SC_LC_13 -->
  <testcase classname="commonMethods.Testcases" name="TC_Load_Confirmation_SC_LC_12" time="0.0">
    <ignored/>
  </testcase> <!-- TC_Load_Confirmation_SC_LC_12 -->
  <testcase classname="commonMethods.Testcases" name="TC_Load_Confirmation_SC_LC_10" time="0.0">
    <ignored/>
  </testcase> <!-- TC_Load_Confirmation_SC_LC_10 -->
  <testcase classname="commonMethods.Testcases" name="TC_Stock_Report_by_service_TS038" time="0.0">
    <ignored/>
  </testcase> <!-- TC_Stock_Report_by_service_TS038 -->
  <testcase classname="commonMethods.Testcases" name="TC_Scale_In_TS_030_IP" time="0.0">
    <ignored/>
  </testcase> <!-- TC_Scale_In_TS_030_IP -->
  <testcase classname="commonMethods.Testcases" name="TC_Rate_Request_SC07_TO_SC12" time="0.0">
    <ignored/>
  </testcase> <!-- TC_Rate_Request_SC07_TO_SC12 -->
  <testcase classname="commonMethods.Testcases" name="TC_Scale_In_TS_031_IP" time="0.0">
    <ignored/>
  </testcase> <!-- TC_Scale_In_TS_031_IP -->
  <testcase classname="commonMethods.Testcases" name="TC_Scale_In_TS_012" time="0.0">
    <ignored/>
  </testcase> <!-- TC_Scale_In_TS_012 -->
  <testcase classname="commonMethods.Testcases" name="TC_Scale_In_TS_011" time="0.0">
    <ignored/>
  </testcase> <!-- TC_Scale_In_TS_011 -->
  <testcase classname="commonMethods.Testcases" name="TC_Scale_In_TS_010" time="0.0">
    <ignored/>
  </testcase> <!-- TC_Scale_In_TS_010 -->
  <testcase classname="commonMethods.Testcases" name="TC_Scale_In_TS_013" time="0.0">
    <ignored/>
  </testcase> <!-- TC_Scale_In_TS_013 -->
  <testcase classname="commonMethods.Testcases" name="TC_Stock_Report_by_Size_Type_TS039" time="0.0">
    <ignored/>
  </testcase> <!-- TC_Stock_Report_by_Size_Type_TS039 -->
  <testcase classname="commonMethods.Testcases" name="TC_Discharge_Confirmation_SC_DC_01" time="0.0">
    <ignored/>
  </testcase> <!-- TC_Discharge_Confirmation_SC_DC_01 -->
  <testcase classname="commonMethods.Testcases" name="TS_EMS_Contract_Registration_16" time="0.0">
    <ignored/>
  </testcase> <!-- TS_EMS_Contract_Registration_16 -->
  <testcase classname="commonMethods.Testcases" name="TS_EMS_Contract_Registration_18" time="0.0">
    <ignored/>
  </testcase> <!-- TS_EMS_Contract_Registration_18 -->
  <testcase classname="commonMethods.Testcases" name="TS_EMS_Contract_Registration_19" time="0.0">
    <ignored/>
  </testcase> <!-- TS_EMS_Contract_Registration_19 -->
  <testcase classname="commonMethods.Testcases" name="TS_EMS_Contract_Registration_17" time="0.0">
    <ignored/>
  </testcase> <!-- TS_EMS_Contract_Registration_17 -->
  <testcase classname="commonMethods.Testcases" name="TS_EMS_Contract_Registration_14" time="0.0">
    <ignored/>
  </testcase> <!-- TS_EMS_Contract_Registration_14 -->
  <testcase classname="commonMethods.Testcases" name="TS_EMS_Contract_Registration_15" time="0.0">
    <ignored/>
  </testcase> <!-- TS_EMS_Contract_Registration_15 -->
  <testcase classname="commonMethods.Testcases" name="TS_EMS_Contract_Registration_13" time="0.0">
    <ignored/>
  </testcase> <!-- TS_EMS_Contract_Registration_13 -->
  <testcase classname="commonMethods.Testcases" name="TS_EMS_Contract_Registration_11" time="0.0">
    <ignored/>
  </testcase> <!-- TS_EMS_Contract_Registration_11 -->
  <testcase classname="commonMethods.Testcases" name="TC_EMS_Contract_Registration_TS001_to_TS005_C" time="0.0">
    <ignored/>
  </testcase> <!-- TC_EMS_Contract_Registration_TS001_to_TS005_C -->
  <testcase classname="commonMethods.Testcases" name="TS_EMS_Contract_Registration_12" time="0.0">
    <ignored/>
  </testcase> <!-- TS_EMS_Contract_Registration_12 -->
  <testcase classname="commonMethods.Testcases" name="TC_Discharge_Confirmation_SC_DC_06" time="0.0">
    <ignored/>
  </testcase> <!-- TC_Discharge_Confirmation_SC_DC_06 -->
  <testcase classname="commonMethods.Testcases" name="TC_Equipment_Profile_TS_059" time="0.0">
    <ignored/>
  </testcase> <!-- TC_Equipment_Profile_TS_059 -->
  <testcase classname="commonMethods.Testcases" name="TC_Discharge_Confirmation_SC_DC_07" time="0.0">
    <ignored/>
  </testcase> <!-- TC_Discharge_Confirmation_SC_DC_07 -->
  <testcase classname="commonMethods.Testcases" name="TC_Equipment_Profile_TS_057" time="0.0">
    <ignored/>
  </testcase> <!-- TC_Equipment_Profile_TS_057 -->
  <testcase classname="commonMethods.Testcases" name="TC_Discharge_Confirmation_SC_DC_02" time="0.0">
    <ignored/>
  </testcase> <!-- TC_Discharge_Confirmation_SC_DC_02 -->
  <testcase classname="commonMethods.Testcases" name="TC_Discharge_Confirmation_SC_DC_03" time="0.0">
    <ignored/>
  </testcase> <!-- TC_Discharge_Confirmation_SC_DC_03 -->
  <testcase classname="commonMethods.Testcases" name="TC_Movement_Entry_TS033_TS050_I" time="0.0">
    <ignored/>
  </testcase> <!-- TC_Movement_Entry_TS033_TS050_I -->
  <testcase classname="commonMethods.Testcases" name="TC_Equipment_Profile_TS_058" time="0.0">
    <ignored/>
  </testcase> <!-- TC_Equipment_Profile_TS_058 -->
  <testcase classname="commonMethods.Testcases" name="TC_Scale_In_TS_021_IP" time="0.0">
    <ignored/>
  </testcase> <!-- TC_Scale_In_TS_021_IP -->
  <testcase classname="commonMethods.Testcases" name="TC_Equipment_Profile_TS_060" time="0.0">
    <ignored/>
  </testcase> <!-- TC_Equipment_Profile_TS_060 -->
  <testcase classname="commonMethods.Testcases" name="TC_Equipment_Profile_TS_061" time="0.0">
    <ignored/>
  </testcase> <!-- TC_Equipment_Profile_TS_061 -->
  <testcase classname="commonMethods.Testcases" name="TC_Equipment_Master_TS051" time="0.0">
    <ignored/>
  </testcase> <!-- TC_Equipment_Master_TS051 -->
  <testcase classname="commonMethods.Testcases" name="TC_Scale_In_TS_032_IP" time="0.0">
    <ignored/>
  </testcase> <!-- TC_Scale_In_TS_032_IP -->
  <testcase classname="commonMethods.Testcases" name="TC_Equipment_Master_TS053" time="0.0">
    <ignored/>
  </testcase> <!-- TC_Equipment_Master_TS053 -->
  <testcase classname="commonMethods.Testcases" name="TC_EquipmentActivity_SC55" time="0.0">
    <ignored/>
  </testcase> <!-- TC_EquipmentActivity_SC55 -->
  <testcase classname="commonMethods.Testcases" name="TC_EMS_Contract_Registration_TS004" time="0.0">
    <ignored/>
  </testcase> <!-- TC_EMS_Contract_Registration_TS004 -->
  <testcase classname="commonMethods.Testcases" name="TC_EMS_Contract_Registration_TS005" time="0.0">
    <ignored/>
  </testcase> <!-- TC_EMS_Contract_Registration_TS005 -->
  <testcase classname="commonMethods.Testcases" name="TC_EMS_Contract_Registration_TS003" time="0.0">
    <ignored/>
  </testcase> <!-- TC_EMS_Contract_Registration_TS003 -->
  <testcase classname="commonMethods.Testcases" name="TC_EquipmentActivity_SC54" time="0.0">
    <ignored/>
  </testcase> <!-- TC_EquipmentActivity_SC54 -->
  <testcase classname="commonMethods.Testcases" name="TC_EMS_Contract_Registration_TS001" time="0.0">
    <ignored/>
  </testcase> <!-- TC_EMS_Contract_Registration_TS001 -->
  <testcase classname="commonMethods.Testcases" name="TC_EquipmentActivity_SC56" time="0.0">
    <ignored/>
  </testcase> <!-- TC_EquipmentActivity_SC56 -->
  <testcase classname="commonMethods.Testcases" name="TC_Equipment_Master_TS052" time="0.0">
    <ignored/>
  </testcase> <!-- TC_Equipment_Master_TS052 -->
  <testcase classname="commonMethods.Testcases" name="TC_EMS_Contract_Registration_TS002" time="0.0">
    <ignored/>
  </testcase> <!-- TC_EMS_Contract_Registration_TS002 -->
  <testcase classname="commonMethods.Testcases" name="TC_Enquiry_History_TS028" time="0.0">
    <ignored/>
  </testcase> <!-- TC_Enquiry_History_TS028 -->
</testsuite> <!-- Test -->
