<?xml version="1.0" encoding="UTF-8"?>
<testng-results ignored="385" total="386" passed="1" failed="0" skipped="0">
  <reporter-output>
  </reporter-output>
  <suite started-at="2025-03-02T21:45:59 IST" name="Suite" finished-at="2025-03-02T21:49:55 IST" duration-ms="235839">
    <groups>
    </groups>
    <test started-at="2025-03-02T21:45:59 IST" name="Test" finished-at="2025-03-02T21:49:55 IST" duration-ms="235839">
      <class name="commonMethods.Testcases">
        <test-method is-config="true" signature="setUp()[pri:0, instance:commonMethods.Testcases@2287395]" started-at="2025-03-02T21:45:58 IST" name="setUp" finished-at="2025-03-02T21:45:59 IST" duration-ms="510" status="PASS">
          <reporter-output>
          </reporter-output>
        </test-method> <!-- setUp -->
        <test-method is-config="true" signature="Extentreport()[pri:0, instance:commonMethods.Testcases@2287395]" started-at="2025-03-02T21:45:59 IST" name="Extentreport" finished-at="2025-03-02T21:45:59 IST" duration-ms="3" status="PASS">
          <reporter-output>
          </reporter-output>
        </test-method> <!-- Extentreport -->
        <test-method is-config="true" signature="getDataFromConfig()[pri:0, instance:commonMethods.Testcases@2287395]" started-at="2025-03-02T21:45:59 IST" name="getDataFromConfig" finished-at="2025-03-02T21:45:59 IST" duration-ms="64" status="PASS">
          <reporter-output>
          </reporter-output>
        </test-method> <!-- getDataFromConfig -->
        <test-method signature="TC_Rate_Request_SC73()[pri:0, instance:commonMethods.Testcases@2287395]" started-at="2025-03-02T21:45:59 IST" name="TC_Rate_Request_SC73" finished-at="2025-03-02T21:49:55 IST" duration-ms="235706" status="PASS">
          <reporter-output>
          </reporter-output>
        </test-method> <!-- TC_Rate_Request_SC73 -->
        <test-method is-config="true" signature="Teardown(org.testng.ITestResult)[pri:0, instance:commonMethods.Testcases@2287395]" started-at="2025-03-02T21:49:55 IST" name="Teardown" finished-at="2025-03-02T21:49:55 IST" duration-ms="7" status="PASS">
          <params>
            <param index="0">
              <value>
                <![CDATA[[TestResult name=TC_Rate_Request_SC73 status=SUCCESS method=Testcases.TC_Rate_Request_SC73()[pri:0, instance:commonMethods.Testcases@2287395] output={null}]]]>
              </value>
            </param>
          </params>
          <reporter-output>
          </reporter-output>
        </test-method> <!-- Teardown -->
        <test-method is-config="true" signature="aftertest()[pri:0, instance:commonMethods.Testcases@2287395]" started-at="2025-03-02T21:49:55 IST" name="aftertest" finished-at="2025-03-02T21:49:55 IST" duration-ms="1" status="PASS">
          <reporter-output>
          </reporter-output>
        </test-method> <!-- aftertest -->
      </class> <!-- commonMethods.Testcases -->
    </test> <!-- Test -->
  </suite> <!-- Suite -->
</testng-results>
